{"/Users/glebvorontsov/Documents/EDU/Yandex/Lessons/node-school-wallet-app/libs/application-error.js": {"path":"/Users/glebvorontsov/Documents/EDU/Yandex/Lessons/node-school-wallet-app/libs/application-error.js","statementMap":{"0":{"start":{"line":5,"column":2},"end":{"line":5,"column":17}},"1":{"start":{"line":6,"column":2},"end":{"line":6,"column":24}},"2":{"start":{"line":14,"column":2},"end":{"line":14,"column":22}},"3":{"start":{"line":18,"column":0},"end":{"line":18,"column":34}}},"fnMap":{"0":{"name":"(anonymous_0)","decl":{"start":{"line":4,"column":1},"end":{"line":4,"column":2}},"loc":{"start":{"line":4,"column":36},"end":{"line":7,"column":2}},"line":4},"1":{"name":"(anonymous_1)","decl":{"start":{"line":13,"column":1},"end":{"line":13,"column":2}},"loc":{"start":{"line":13,"column":14},"end":{"line":15,"column":2}},"line":13}},"branchMap":{"0":{"loc":{"start":{"line":4,"column":22},"end":{"line":4,"column":34}},"type":"default-arg","locations":[{"start":{"line":4,"column":31},"end":{"line":4,"column":34}}],"line":4}},"s":{"0":0,"1":0,"2":0,"3":2},"f":{"0":0,"1":0},"b":{"0":[0]},"_coverageSchema":"332fd63041d2c1bcb487cc26dd0d5f7d97098a6c","hash":"4a8899f74307135358319a340bc33f71dc4b6160"}
,"/Users/glebvorontsov/Documents/EDU/Yandex/Lessons/node-school-wallet-app/libs/logger.js": {"path":"/Users/glebvorontsov/Documents/EDU/Yandex/Lessons/node-school-wallet-app/libs/logger.js","statementMap":{"0":{"start":{"line":3,"column":13},"end":{"line":3,"column":28}},"1":{"start":{"line":4,"column":15},"end":{"line":4,"column":32}},"2":{"start":{"line":6,"column":17},"end":{"line":6,"column":65}},"3":{"start":{"line":7,"column":15},"end":{"line":22,"column":1}},"4":{"start":{"line":24,"column":0},"end":{"line":24,"column":25}},"5":{"start":{"line":26,"column":0},"end":{"line":26,"column":58}},"6":{"start":{"line":26,"column":31},"end":{"line":26,"column":57}}},"fnMap":{"0":{"name":"(anonymous_0)","decl":{"start":{"line":26,"column":17},"end":{"line":26,"column":18}},"loc":{"start":{"line":26,"column":31},"end":{"line":26,"column":57}},"line":26}},"branchMap":{"0":{"loc":{"start":{"line":19,"column":10},"end":{"line":19,"column":59}},"type":"cond-expr","locations":[{"start":{"line":19,"column":43},"end":{"line":19,"column":50}},{"start":{"line":19,"column":53},"end":{"line":19,"column":59}}],"line":19}},"s":{"0":2,"1":2,"2":2,"3":2,"4":2,"5":2,"6":3},"f":{"0":3},"b":{"0":[0,2]},"_coverageSchema":"332fd63041d2c1bcb487cc26dd0d5f7d97098a6c","hash":"0b9733f9096ed3f3eb077ee550cc684f851dae5e"}
,"/Users/glebvorontsov/Documents/EDU/Yandex/Lessons/node-school-wallet-app/libs/utils.js": {"path":"/Users/glebvorontsov/Documents/EDU/Yandex/Lessons/node-school-wallet-app/libs/utils.js","statementMap":{"0":{"start":{"line":3,"column":18},"end":{"line":102,"column":1}},"1":{"start":{"line":22,"column":17},"end":{"line":22,"column":35}},"2":{"start":{"line":24,"column":19},"end":{"line":24,"column":25}},"3":{"start":{"line":26,"column":2},"end":{"line":52,"column":3}},"4":{"start":{"line":28,"column":4},"end":{"line":30,"column":5}},"5":{"start":{"line":29,"column":5},"end":{"line":29,"column":36}},"6":{"start":{"line":32,"column":4},"end":{"line":32,"column":14}},"7":{"start":{"line":35,"column":4},"end":{"line":35,"column":36}},"8":{"start":{"line":38,"column":22},"end":{"line":38,"column":34}},"9":{"start":{"line":40,"column":4},"end":{"line":42,"column":5}},"10":{"start":{"line":41,"column":5},"end":{"line":41,"column":40}},"11":{"start":{"line":44,"column":4},"end":{"line":44,"column":42}},"12":{"start":{"line":47,"column":4},"end":{"line":47,"column":39}},"13":{"start":{"line":50,"column":4},"end":{"line":50,"column":14}},"14":{"start":{"line":63,"column":30},"end":{"line":63,"column":32}},"15":{"start":{"line":64,"column":19},"end":{"line":64,"column":35}},"16":{"start":{"line":65,"column":2},"end":{"line":73,"column":3}},"17":{"start":{"line":66,"column":3},"end":{"line":72,"column":4}},"18":{"start":{"line":67,"column":4},"end":{"line":67,"column":54}},"19":{"start":{"line":68,"column":4},"end":{"line":68,"column":38}},"20":{"start":{"line":69,"column":4},"end":{"line":71,"column":5}},"21":{"start":{"line":70,"column":5},"end":{"line":70,"column":41}},"22":{"start":{"line":74,"column":2},"end":{"line":74,"column":38}},"23":{"start":{"line":84,"column":14},"end":{"line":84,"column":16}},"24":{"start":{"line":85,"column":22},"end":{"line":85,"column":43}},"25":{"start":{"line":86,"column":2},"end":{"line":98,"column":3}},"26":{"start":{"line":87,"column":3},"end":{"line":97,"column":4}},"27":{"start":{"line":88,"column":14},"end":{"line":88,"column":46}},"28":{"start":{"line":89,"column":4},"end":{"line":93,"column":5}},"29":{"start":{"line":90,"column":5},"end":{"line":90,"column":21}},"30":{"start":{"line":92,"column":5},"end":{"line":92,"column":17}},"31":{"start":{"line":95,"column":14},"end":{"line":95,"column":42}},"32":{"start":{"line":96,"column":4},"end":{"line":96,"column":15}},"33":{"start":{"line":99,"column":15},"end":{"line":99,"column":42}},"34":{"start":{"line":99,"column":36},"end":{"line":99,"column":41}},"35":{"start":{"line":100,"column":2},"end":{"line":100,"column":31}},"36":{"start":{"line":104,"column":0},"end":{"line":104,"column":27}}},"fnMap":{"0":{"name":"(anonymous_0)","decl":{"start":{"line":99,"column":26},"end":{"line":99,"column":27}},"loc":{"start":{"line":99,"column":36},"end":{"line":99,"column":41}},"line":99}},"branchMap":{"0":{"loc":{"start":{"line":26,"column":2},"end":{"line":52,"column":3}},"type":"switch","locations":[{"start":{"line":27,"column":3},"end":{"line":33,"column":4}},{"start":{"line":34,"column":3},"end":{"line":36,"column":4}},{"start":{"line":37,"column":3},"end":{"line":45,"column":4}},{"start":{"line":46,"column":3},"end":{"line":48,"column":4}},{"start":{"line":49,"column":3},"end":{"line":51,"column":4}}],"line":26},"1":{"loc":{"start":{"line":28,"column":4},"end":{"line":30,"column":5}},"type":"if","locations":[{"start":{"line":28,"column":4},"end":{"line":30,"column":5}},{"start":{"line":28,"column":4},"end":{"line":30,"column":5}}],"line":28},"2":{"loc":{"start":{"line":38,"column":22},"end":{"line":38,"column":34}},"type":"binary-expr","locations":[{"start":{"line":38,"column":22},"end":{"line":38,"column":28}},{"start":{"line":38,"column":32},"end":{"line":38,"column":34}}],"line":38},"3":{"loc":{"start":{"line":40,"column":4},"end":{"line":42,"column":5}},"type":"if","locations":[{"start":{"line":40,"column":4},"end":{"line":42,"column":5}},{"start":{"line":40,"column":4},"end":{"line":42,"column":5}}],"line":40},"4":{"loc":{"start":{"line":40,"column":8},"end":{"line":40,"column":44}},"type":"binary-expr","locations":[{"start":{"line":40,"column":8},"end":{"line":40,"column":25}},{"start":{"line":40,"column":29},"end":{"line":40,"column":44}}],"line":40},"5":{"loc":{"start":{"line":62,"column":36},"end":{"line":62,"column":56}},"type":"default-arg","locations":[{"start":{"line":62,"column":48},"end":{"line":62,"column":56}}],"line":62},"6":{"loc":{"start":{"line":65,"column":2},"end":{"line":73,"column":3}},"type":"if","locations":[{"start":{"line":65,"column":2},"end":{"line":73,"column":3}},{"start":{"line":65,"column":2},"end":{"line":73,"column":3}}],"line":65},"7":{"loc":{"start":{"line":66,"column":10},"end":{"line":66,"column":54}},"type":"binary-expr","locations":[{"start":{"line":66,"column":10},"end":{"line":66,"column":20}},{"start":{"line":66,"column":24},"end":{"line":66,"column":54}}],"line":66},"8":{"loc":{"start":{"line":69,"column":4},"end":{"line":71,"column":5}},"type":"if","locations":[{"start":{"line":69,"column":4},"end":{"line":71,"column":5}},{"start":{"line":69,"column":4},"end":{"line":71,"column":5}}],"line":69},"9":{"loc":{"start":{"line":87,"column":3},"end":{"line":97,"column":4}},"type":"if","locations":[{"start":{"line":87,"column":3},"end":{"line":97,"column":4}},{"start":{"line":87,"column":3},"end":{"line":97,"column":4}}],"line":87},"10":{"loc":{"start":{"line":89,"column":4},"end":{"line":93,"column":5}},"type":"if","locations":[{"start":{"line":89,"column":4},"end":{"line":93,"column":5}},{"start":{"line":89,"column":4},"end":{"line":93,"column":5}}],"line":89}},"s":{"0":2,"1":0,"2":0,"3":0,"4":0,"5":0,"6":0,"7":0,"8":0,"9":0,"10":0,"11":0,"12":0,"13":0,"14":0,"15":0,"16":0,"17":0,"18":0,"19":0,"20":0,"21":0,"22":0,"23":0,"24":0,"25":0,"26":0,"27":0,"28":0,"29":0,"30":0,"31":0,"32":0,"33":0,"34":0,"35":0,"36":2},"f":{"0":0},"b":{"0":[0,0,0,0,0],"1":[0,0],"2":[0,0],"3":[0,0],"4":[0,0],"5":[0],"6":[0,0],"7":[0,0],"8":[0,0],"9":[0,0],"10":[0,0]},"_coverageSchema":"332fd63041d2c1bcb487cc26dd0d5f7d97098a6c","hash":"4eec48b2b2b37ab29fedd68b42146e0eb96b83ca"}
,"/Users/glebvorontsov/Documents/EDU/Yandex/Lessons/node-school-wallet-app/source/app.js": {"path":"/Users/glebvorontsov/Documents/EDU/Yandex/Lessons/node-school-wallet-app/source/app.js","statementMap":{"0":{"start":{"line":3,"column":13},"end":{"line":3,"column":28}},"1":{"start":{"line":4,"column":12},"end":{"line":4,"column":26}},"2":{"start":{"line":5,"column":14},"end":{"line":5,"column":35}},"3":{"start":{"line":6,"column":15},"end":{"line":6,"column":38}},"4":{"start":{"line":7,"column":19},"end":{"line":7,"column":46}},"5":{"start":{"line":9,"column":15},"end":{"line":9,"column":44}},"6":{"start":{"line":11,"column":33},"end":{"line":11,"column":60}},"7":{"start":{"line":14,"column":27},"end":{"line":14,"column":67}},"8":{"start":{"line":15,"column":29},"end":{"line":15,"column":66}},"9":{"start":{"line":16,"column":29},"end":{"line":16,"column":66}},"10":{"start":{"line":17,"column":19},"end":{"line":17,"column":62}},"11":{"start":{"line":18,"column":21},"end":{"line":18,"column":66}},"12":{"start":{"line":19,"column":21},"end":{"line":19,"column":66}},"13":{"start":{"line":22,"column":33},"end":{"line":22,"column":74}},"14":{"start":{"line":23,"column":37},"end":{"line":23,"column":81}},"15":{"start":{"line":24,"column":34},"end":{"line":24,"column":88}},"16":{"start":{"line":27,"column":24},"end":{"line":27,"column":54}},"17":{"start":{"line":29,"column":25},"end":{"line":29,"column":58}},"18":{"start":{"line":32,"column":19},"end":{"line":32,"column":49}},"19":{"start":{"line":33,"column":26},"end":{"line":33,"column":63}},"20":{"start":{"line":36,"column":12},"end":{"line":36,"column":21}},"21":{"start":{"line":39,"column":13},"end":{"line":44,"column":1}},"22":{"start":{"line":47,"column":18},"end":{"line":47,"column":73}},"23":{"start":{"line":48,"column":1},"end":{"line":48,"column":49}},"24":{"start":{"line":49,"column":1},"end":{"line":49,"column":26}},"25":{"start":{"line":53,"column":0},"end":{"line":53,"column":46}},"26":{"start":{"line":53,"column":38},"end":{"line":53,"column":44}},"27":{"start":{"line":55,"column":0},"end":{"line":60,"column":3}},"28":{"start":{"line":56,"column":19},"end":{"line":56,"column":35}},"29":{"start":{"line":57,"column":23},"end":{"line":57,"column":60}},"30":{"start":{"line":59,"column":1},"end":{"line":59,"column":26}},"31":{"start":{"line":62,"column":0},"end":{"line":62,"column":42}},"32":{"start":{"line":63,"column":0},"end":{"line":63,"column":45}},"33":{"start":{"line":64,"column":0},"end":{"line":64,"column":50}},"34":{"start":{"line":66,"column":0},"end":{"line":66,"column":65}},"35":{"start":{"line":67,"column":0},"end":{"line":67,"column":70}},"36":{"start":{"line":69,"column":0},"end":{"line":69,"column":47}},"37":{"start":{"line":70,"column":0},"end":{"line":70,"column":44}},"38":{"start":{"line":71,"column":0},"end":{"line":71,"column":45}},"39":{"start":{"line":73,"column":0},"end":{"line":73,"column":56}},"40":{"start":{"line":75,"column":0},"end":{"line":75,"column":38}},"41":{"start":{"line":78,"column":0},"end":{"line":83,"column":3}},"42":{"start":{"line":79,"column":15},"end":{"line":79,"column":25}},"43":{"start":{"line":80,"column":1},"end":{"line":80,"column":14}},"44":{"start":{"line":81,"column":12},"end":{"line":81,"column":30}},"45":{"start":{"line":82,"column":1},"end":{"line":82,"column":51}},"46":{"start":{"line":86,"column":0},"end":{"line":94,"column":3}},"47":{"start":{"line":87,"column":1},"end":{"line":93,"column":2}},"48":{"start":{"line":88,"column":2},"end":{"line":88,"column":15}},"49":{"start":{"line":90,"column":2},"end":{"line":90,"column":38}},"50":{"start":{"line":91,"column":2},"end":{"line":91,"column":66}},"51":{"start":{"line":92,"column":2},"end":{"line":92,"column":41}},"52":{"start":{"line":97,"column":0},"end":{"line":107,"column":3}},"53":{"start":{"line":98,"column":1},"end":{"line":98,"column":35}},"54":{"start":{"line":99,"column":1},"end":{"line":99,"column":49}},"55":{"start":{"line":101,"column":1},"end":{"line":104,"column":4}},"56":{"start":{"line":106,"column":1},"end":{"line":106,"column":14}},"57":{"start":{"line":110,"column":0},"end":{"line":110,"column":20}},"58":{"start":{"line":111,"column":0},"end":{"line":111,"column":25}},"59":{"start":{"line":112,"column":0},"end":{"line":112,"column":27}},"60":{"start":{"line":114,"column":0},"end":{"line":116,"column":3}},"61":{"start":{"line":115,"column":1},"end":{"line":115,"column":36}},"62":{"start":{"line":118,"column":0},"end":{"line":118,"column":21}}},"fnMap":{"0":{"name":"getView","decl":{"start":{"line":46,"column":9},"end":{"line":46,"column":16}},"loc":{"start":{"line":46,"column":25},"end":{"line":50,"column":1}},"line":46},"1":{"name":"(anonymous_1)","decl":{"start":{"line":53,"column":19},"end":{"line":53,"column":20}},"loc":{"start":{"line":53,"column":38},"end":{"line":53,"column":44}},"line":53},"2":{"name":"(anonymous_2)","decl":{"start":{"line":55,"column":16},"end":{"line":55,"column":17}},"loc":{"start":{"line":55,"column":25},"end":{"line":60,"column":1}},"line":55},"3":{"name":"(anonymous_3)","decl":{"start":{"line":78,"column":8},"end":{"line":78,"column":9}},"loc":{"start":{"line":78,"column":29},"end":{"line":83,"column":1}},"line":78},"4":{"name":"(anonymous_4)","decl":{"start":{"line":86,"column":8},"end":{"line":86,"column":9}},"loc":{"start":{"line":86,"column":29},"end":{"line":94,"column":1}},"line":86},"5":{"name":"(anonymous_5)","decl":{"start":{"line":97,"column":8},"end":{"line":97,"column":9}},"loc":{"start":{"line":97,"column":29},"end":{"line":107,"column":1}},"line":97},"6":{"name":"(anonymous_6)","decl":{"start":{"line":114,"column":17},"end":{"line":114,"column":18}},"loc":{"start":{"line":114,"column":23},"end":{"line":116,"column":1}},"line":114}},"branchMap":{"0":{"loc":{"start":{"line":91,"column":15},"end":{"line":91,"column":65}},"type":"cond-expr","locations":[{"start":{"line":91,"column":49},"end":{"line":91,"column":59}},{"start":{"line":91,"column":62},"end":{"line":91,"column":65}}],"line":91}},"s":{"0":1,"1":1,"2":1,"3":1,"4":1,"5":1,"6":1,"7":1,"8":1,"9":1,"10":1,"11":1,"12":1,"13":1,"14":1,"15":1,"16":1,"17":1,"18":1,"19":1,"20":1,"21":1,"22":0,"23":0,"24":0,"25":1,"26":0,"27":1,"28":0,"29":0,"30":0,"31":1,"32":1,"33":1,"34":1,"35":1,"36":1,"37":1,"38":1,"39":1,"40":1,"41":1,"42":1,"43":1,"44":1,"45":1,"46":1,"47":1,"48":1,"49":0,"50":0,"51":0,"52":1,"53":1,"54":1,"55":1,"56":1,"57":1,"58":1,"59":1,"60":1,"61":1,"62":1},"f":{"0":0,"1":0,"2":0,"3":1,"4":1,"5":1,"6":1},"b":{"0":[0,0]},"_coverageSchema":"332fd63041d2c1bcb487cc26dd0d5f7d97098a6c","hash":"6a2f071e80f0a3b19d18fa1c79f51ad0079ef6c1"}
,"/Users/glebvorontsov/Documents/EDU/Yandex/Lessons/node-school-wallet-app/source/controllers/error.js": {"path":"/Users/glebvorontsov/Documents/EDU/Yandex/Lessons/node-school-wallet-app/source/controllers/error.js","statementMap":{"0":{"start":{"line":3,"column":0},"end":{"line":5,"column":2}},"1":{"start":{"line":4,"column":1},"end":{"line":4,"column":26}}},"fnMap":{"0":{"name":"(anonymous_0)","decl":{"start":{"line":3,"column":17},"end":{"line":3,"column":18}},"loc":{"start":{"line":3,"column":29},"end":{"line":5,"column":1}},"line":3}},"branchMap":{},"s":{"0":1,"1":0},"f":{"0":0},"b":{},"_coverageSchema":"332fd63041d2c1bcb487cc26dd0d5f7d97098a6c","hash":"741d83f7cc7ea066f2729d37a9826ed550a37d9f"}
,"/Users/glebvorontsov/Documents/EDU/Yandex/Lessons/node-school-wallet-app/source/controllers/cards/card-to-card.js": {"path":"/Users/glebvorontsov/Documents/EDU/Yandex/Lessons/node-school-wallet-app/source/controllers/cards/card-to-card.js","statementMap":{"0":{"start":{"line":3,"column":0},"end":{"line":27,"column":2}},"1":{"start":{"line":4,"column":16},"end":{"line":4,"column":29}},"2":{"start":{"line":6,"column":19},"end":{"line":6,"column":35}},"3":{"start":{"line":7,"column":23},"end":{"line":7,"column":32}},"4":{"start":{"line":9,"column":1},"end":{"line":9,"column":44}},"5":{"start":{"line":10,"column":1},"end":{"line":10,"column":42}},"6":{"start":{"line":12,"column":20},"end":{"line":12,"column":52}},"7":{"start":{"line":13,"column":20},"end":{"line":13,"column":52}},"8":{"start":{"line":15,"column":21},"end":{"line":23,"column":3}},"9":{"start":{"line":25,"column":1},"end":{"line":25,"column":18}},"10":{"start":{"line":26,"column":1},"end":{"line":26,"column":24}}},"fnMap":{"0":{"name":"(anonymous_0)","decl":{"start":{"line":3,"column":17},"end":{"line":3,"column":18}},"loc":{"start":{"line":3,"column":32},"end":{"line":27,"column":1}},"line":3}},"branchMap":{},"s":{"0":1,"1":0,"2":0,"3":0,"4":0,"5":0,"6":0,"7":0,"8":0,"9":0,"10":0},"f":{"0":0},"b":{},"_coverageSchema":"332fd63041d2c1bcb487cc26dd0d5f7d97098a6c","hash":"f83c0f12ad8591b5d61246271b20ea1de9a734f1"}
,"/Users/glebvorontsov/Documents/EDU/Yandex/Lessons/node-school-wallet-app/source/controllers/cards/card-to-mobile.js": {"path":"/Users/glebvorontsov/Documents/EDU/Yandex/Lessons/node-school-wallet-app/source/controllers/cards/card-to-mobile.js","statementMap":{"0":{"start":{"line":3,"column":19},"end":{"line":3,"column":20}},"1":{"start":{"line":5,"column":0},"end":{"line":23,"column":2}},"2":{"start":{"line":6,"column":16},"end":{"line":6,"column":29}},"3":{"start":{"line":8,"column":19},"end":{"line":8,"column":35}},"4":{"start":{"line":9,"column":28},"end":{"line":9,"column":37}},"5":{"start":{"line":11,"column":1},"end":{"line":11,"column":65}},"6":{"start":{"line":13,"column":21},"end":{"line":19,"column":3}},"7":{"start":{"line":21,"column":1},"end":{"line":21,"column":18}},"8":{"start":{"line":22,"column":1},"end":{"line":22,"column":24}}},"fnMap":{"0":{"name":"(anonymous_0)","decl":{"start":{"line":5,"column":17},"end":{"line":5,"column":18}},"loc":{"start":{"line":5,"column":32},"end":{"line":23,"column":1}},"line":5}},"branchMap":{},"s":{"0":1,"1":1,"2":0,"3":0,"4":0,"5":0,"6":0,"7":0,"8":0},"f":{"0":0},"b":{},"_coverageSchema":"332fd63041d2c1bcb487cc26dd0d5f7d97098a6c","hash":"2ee62462dabd8239d652760c9b834142579a5bd8"}
,"/Users/glebvorontsov/Documents/EDU/Yandex/Lessons/node-school-wallet-app/source/controllers/cards/create.js": {"path":"/Users/glebvorontsov/Documents/EDU/Yandex/Lessons/node-school-wallet-app/source/controllers/cards/create.js","statementMap":{"0":{"start":{"line":3,"column":0},"end":{"line":8,"column":2}},"1":{"start":{"line":4,"column":14},"end":{"line":4,"column":30}},"2":{"start":{"line":5,"column":17},"end":{"line":5,"column":50}},"3":{"start":{"line":6,"column":1},"end":{"line":6,"column":18}},"4":{"start":{"line":7,"column":1},"end":{"line":7,"column":20}}},"fnMap":{"0":{"name":"(anonymous_0)","decl":{"start":{"line":3,"column":17},"end":{"line":3,"column":18}},"loc":{"start":{"line":3,"column":32},"end":{"line":8,"column":1}},"line":3}},"branchMap":{},"s":{"0":1,"1":0,"2":0,"3":0,"4":0},"f":{"0":0},"b":{},"_coverageSchema":"332fd63041d2c1bcb487cc26dd0d5f7d97098a6c","hash":"958e49c891a5bfd1b53b849f090897b4882bd395"}
,"/Users/glebvorontsov/Documents/EDU/Yandex/Lessons/node-school-wallet-app/source/controllers/cards/delete.js": {"path":"/Users/glebvorontsov/Documents/EDU/Yandex/Lessons/node-school-wallet-app/source/controllers/cards/delete.js","statementMap":{"0":{"start":{"line":3,"column":0},"end":{"line":7,"column":2}},"1":{"start":{"line":4,"column":16},"end":{"line":4,"column":37}},"2":{"start":{"line":5,"column":1},"end":{"line":5,"column":37}},"3":{"start":{"line":6,"column":1},"end":{"line":6,"column":18}}},"fnMap":{"0":{"name":"(anonymous_0)","decl":{"start":{"line":3,"column":17},"end":{"line":3,"column":18}},"loc":{"start":{"line":3,"column":32},"end":{"line":7,"column":1}},"line":3}},"branchMap":{},"s":{"0":1,"1":0,"2":0,"3":0},"f":{"0":0},"b":{},"_coverageSchema":"332fd63041d2c1bcb487cc26dd0d5f7d97098a6c","hash":"51ae3cdc585e38b6d72b1e422e07a14bf86d1230"}
,"/Users/glebvorontsov/Documents/EDU/Yandex/Lessons/node-school-wallet-app/source/controllers/cards/get-cards.js": {"path":"/Users/glebvorontsov/Documents/EDU/Yandex/Lessons/node-school-wallet-app/source/controllers/cards/get-cards.js","statementMap":{"0":{"start":{"line":3,"column":0},"end":{"line":5,"column":2}},"1":{"start":{"line":4,"column":1},"end":{"line":4,"column":42}}},"fnMap":{"0":{"name":"(anonymous_0)","decl":{"start":{"line":3,"column":17},"end":{"line":3,"column":18}},"loc":{"start":{"line":3,"column":32},"end":{"line":5,"column":1}},"line":3}},"branchMap":{},"s":{"0":1,"1":1},"f":{"0":1},"b":{},"_coverageSchema":"332fd63041d2c1bcb487cc26dd0d5f7d97098a6c","hash":"9c967988ac9e779348ead062685c5c7e3393d2a5"}
,"/Users/glebvorontsov/Documents/EDU/Yandex/Lessons/node-school-wallet-app/source/controllers/cards/mobile-to-card.js": {"path":"/Users/glebvorontsov/Documents/EDU/Yandex/Lessons/node-school-wallet-app/source/controllers/cards/mobile-to-card.js","statementMap":{"0":{"start":{"line":3,"column":0},"end":{"line":21,"column":2}},"1":{"start":{"line":4,"column":16},"end":{"line":4,"column":29}},"2":{"start":{"line":6,"column":19},"end":{"line":6,"column":35}},"3":{"start":{"line":7,"column":28},"end":{"line":7,"column":37}},"4":{"start":{"line":9,"column":1},"end":{"line":9,"column":36}},"5":{"start":{"line":11,"column":21},"end":{"line":17,"column":3}},"6":{"start":{"line":19,"column":1},"end":{"line":19,"column":18}},"7":{"start":{"line":20,"column":1},"end":{"line":20,"column":24}}},"fnMap":{"0":{"name":"(anonymous_0)","decl":{"start":{"line":3,"column":17},"end":{"line":3,"column":18}},"loc":{"start":{"line":3,"column":32},"end":{"line":21,"column":1}},"line":3}},"branchMap":{},"s":{"0":1,"1":0,"2":0,"3":0,"4":0,"5":0,"6":0,"7":0},"f":{"0":0},"b":{},"_coverageSchema":"332fd63041d2c1bcb487cc26dd0d5f7d97098a6c","hash":"f3e62a6982d2137e8f0aa79ee35a2180a57a566a"}
,"/Users/glebvorontsov/Documents/EDU/Yandex/Lessons/node-school-wallet-app/source/controllers/transactions/create.js": {"path":"/Users/glebvorontsov/Documents/EDU/Yandex/Lessons/node-school-wallet-app/source/controllers/transactions/create.js","statementMap":{"0":{"start":{"line":3,"column":25},"end":{"line":3,"column":58}},"1":{"start":{"line":4,"column":10},"end":{"line":4,"column":27}},"2":{"start":{"line":6,"column":21},"end":{"line":6,"column":66}},"3":{"start":{"line":7,"column":23},"end":{"line":7,"column":46}},"4":{"start":{"line":8,"column":30},"end":{"line":8,"column":61}},"5":{"start":{"line":10,"column":0},"end":{"line":41,"column":2}},"6":{"start":{"line":11,"column":21},"end":{"line":11,"column":68}},"7":{"start":{"line":12,"column":16},"end":{"line":12,"column":37}},"8":{"start":{"line":14,"column":14},"end":{"line":14,"column":46}},"9":{"start":{"line":15,"column":1},"end":{"line":17,"column":2}},"10":{"start":{"line":16,"column":2},"end":{"line":16,"column":63}},"11":{"start":{"line":18,"column":1},"end":{"line":18,"column":29}},"12":{"start":{"line":20,"column":23},"end":{"line":20,"column":114}},"13":{"start":{"line":20,"column":56},"end":{"line":20,"column":113}},"14":{"start":{"line":22,"column":1},"end":{"line":24,"column":2}},"15":{"start":{"line":23,"column":2},"end":{"line":23,"column":81}},"16":{"start":{"line":26,"column":1},"end":{"line":28,"column":2}},"17":{"start":{"line":27,"column":2},"end":{"line":27,"column":85}},"18":{"start":{"line":30,"column":1},"end":{"line":32,"column":2}},"19":{"start":{"line":31,"column":2},"end":{"line":31,"column":62}},"20":{"start":{"line":34,"column":1},"end":{"line":36,"column":2}},"21":{"start":{"line":35,"column":2},"end":{"line":35,"column":48}},"22":{"start":{"line":38,"column":24},"end":{"line":38,"column":71}},"23":{"start":{"line":39,"column":1},"end":{"line":39,"column":18}},"24":{"start":{"line":40,"column":1},"end":{"line":40,"column":27}}},"fnMap":{"0":{"name":"(anonymous_0)","decl":{"start":{"line":10,"column":17},"end":{"line":10,"column":18}},"loc":{"start":{"line":10,"column":32},"end":{"line":41,"column":1}},"line":10},"1":{"name":"(anonymous_1)","decl":{"start":{"line":20,"column":45},"end":{"line":20,"column":46}},"loc":{"start":{"line":20,"column":56},"end":{"line":20,"column":113}},"line":20}},"branchMap":{"0":{"loc":{"start":{"line":15,"column":1},"end":{"line":17,"column":2}},"type":"if","locations":[{"start":{"line":15,"column":1},"end":{"line":17,"column":2}},{"start":{"line":15,"column":1},"end":{"line":17,"column":2}}],"line":15},"1":{"loc":{"start":{"line":22,"column":1},"end":{"line":24,"column":2}},"type":"if","locations":[{"start":{"line":22,"column":1},"end":{"line":24,"column":2}},{"start":{"line":22,"column":1},"end":{"line":24,"column":2}}],"line":22},"2":{"loc":{"start":{"line":26,"column":1},"end":{"line":28,"column":2}},"type":"if","locations":[{"start":{"line":26,"column":1},"end":{"line":28,"column":2}},{"start":{"line":26,"column":1},"end":{"line":28,"column":2}}],"line":26},"3":{"loc":{"start":{"line":30,"column":1},"end":{"line":32,"column":2}},"type":"if","locations":[{"start":{"line":30,"column":1},"end":{"line":32,"column":2}},{"start":{"line":30,"column":1},"end":{"line":32,"column":2}}],"line":30},"4":{"loc":{"start":{"line":30,"column":5},"end":{"line":30,"column":54}},"type":"binary-expr","locations":[{"start":{"line":30,"column":5},"end":{"line":30,"column":21}},{"start":{"line":30,"column":25},"end":{"line":30,"column":54}}],"line":30},"5":{"loc":{"start":{"line":34,"column":1},"end":{"line":36,"column":2}},"type":"if","locations":[{"start":{"line":34,"column":1},"end":{"line":36,"column":2}},{"start":{"line":34,"column":1},"end":{"line":36,"column":2}}],"line":34}},"s":{"0":1,"1":1,"2":1,"3":1,"4":1,"5":1,"6":0,"7":0,"8":0,"9":0,"10":0,"11":0,"12":0,"13":0,"14":0,"15":0,"16":0,"17":0,"18":0,"19":0,"20":0,"21":0,"22":0,"23":0,"24":0},"f":{"0":0,"1":0},"b":{"0":[0,0],"1":[0,0],"2":[0,0],"3":[0,0],"4":[0,0],"5":[0,0]},"_coverageSchema":"332fd63041d2c1bcb487cc26dd0d5f7d97098a6c","hash":"52211b0793da60653102f2e2c17347d88f108804"}
,"/Users/glebvorontsov/Documents/EDU/Yandex/Lessons/node-school-wallet-app/source/controllers/transactions/get-transactions.js": {"path":"/Users/glebvorontsov/Documents/EDU/Yandex/Lessons/node-school-wallet-app/source/controllers/transactions/get-transactions.js","statementMap":{"0":{"start":{"line":3,"column":0},"end":{"line":5,"column":2}},"1":{"start":{"line":4,"column":2},"end":{"line":4,"column":50}}},"fnMap":{"0":{"name":"(anonymous_0)","decl":{"start":{"line":3,"column":17},"end":{"line":3,"column":18}},"loc":{"start":{"line":3,"column":32},"end":{"line":5,"column":1}},"line":3}},"branchMap":{},"s":{"0":1,"1":0},"f":{"0":0},"b":{},"_coverageSchema":"332fd63041d2c1bcb487cc26dd0d5f7d97098a6c","hash":"bb91b3e18ae0f7bf02344124bbb63c1009b472b8"}
,"/Users/glebvorontsov/Documents/EDU/Yandex/Lessons/node-school-wallet-app/source/controllers/transactions/get.js": {"path":"/Users/glebvorontsov/Documents/EDU/Yandex/Lessons/node-school-wallet-app/source/controllers/transactions/get.js","statementMap":{"0":{"start":{"line":3,"column":0},"end":{"line":6,"column":2}},"1":{"start":{"line":4,"column":16},"end":{"line":4,"column":37}},"2":{"start":{"line":5,"column":1},"end":{"line":5,"column":58}}},"fnMap":{"0":{"name":"(anonymous_0)","decl":{"start":{"line":3,"column":17},"end":{"line":3,"column":18}},"loc":{"start":{"line":3,"column":32},"end":{"line":6,"column":1}},"line":3}},"branchMap":{},"s":{"0":1,"1":0,"2":0},"f":{"0":0},"b":{},"_coverageSchema":"332fd63041d2c1bcb487cc26dd0d5f7d97098a6c","hash":"bc269a6b2909e36de6e390a38e8d3c8c3abe85a8"}
,"/Users/glebvorontsov/Documents/EDU/Yandex/Lessons/node-school-wallet-app/source/models/cards.js": {"path":"/Users/glebvorontsov/Documents/EDU/Yandex/Lessons/node-school-wallet-app/source/models/cards.js","statementMap":{"0":{"start":{"line":3,"column":25},"end":{"line":3,"column":58}},"1":{"start":{"line":5,"column":18},"end":{"line":5,"column":47}},"2":{"start":{"line":7,"column":18},"end":{"line":7,"column":39}},"3":{"start":{"line":11,"column":2},"end":{"line":11,"column":22}},"4":{"start":{"line":21,"column":22},"end":{"line":24,"column":59}},"5":{"start":{"line":26,"column":2},"end":{"line":34,"column":3}},"6":{"start":{"line":27,"column":19},"end":{"line":29,"column":5}},"7":{"start":{"line":31,"column":3},"end":{"line":31,"column":34}},"8":{"start":{"line":32,"column":3},"end":{"line":32,"column":29}},"9":{"start":{"line":33,"column":3},"end":{"line":33,"column":18}},"10":{"start":{"line":36,"column":2},"end":{"line":36,"column":58}},"11":{"start":{"line":44,"column":15},"end":{"line":44,"column":33}},"12":{"start":{"line":45,"column":2},"end":{"line":47,"column":3}},"13":{"start":{"line":46,"column":3},"end":{"line":46,"column":67}},"14":{"start":{"line":48,"column":20},"end":{"line":48,"column":50}},"15":{"start":{"line":49,"column":2},"end":{"line":49,"column":40}},"16":{"start":{"line":50,"column":2},"end":{"line":50,"column":28}},"17":{"start":{"line":59,"column":2},"end":{"line":59,"column":65}},"18":{"start":{"line":59,"column":41},"end":{"line":59,"column":63}},"19":{"start":{"line":68,"column":15},"end":{"line":68,"column":33}},"20":{"start":{"line":69,"column":2},"end":{"line":69,"column":52}},"21":{"start":{"line":71,"column":2},"end":{"line":71,"column":28}},"22":{"start":{"line":80,"column":15},"end":{"line":80,"column":33}},"23":{"start":{"line":81,"column":2},"end":{"line":81,"column":52}},"24":{"start":{"line":83,"column":2},"end":{"line":83,"column":28}},"25":{"start":{"line":87,"column":0},"end":{"line":87,"column":23}}},"fnMap":{"0":{"name":"(anonymous_0)","decl":{"start":{"line":10,"column":1},"end":{"line":10,"column":2}},"loc":{"start":{"line":10,"column":15},"end":{"line":12,"column":2}},"line":10},"1":{"name":"(anonymous_1)","decl":{"start":{"line":20,"column":1},"end":{"line":20,"column":2}},"loc":{"start":{"line":20,"column":20},"end":{"line":37,"column":2}},"line":20},"2":{"name":"(anonymous_2)","decl":{"start":{"line":43,"column":1},"end":{"line":43,"column":2}},"loc":{"start":{"line":43,"column":18},"end":{"line":51,"column":2}},"line":43},"3":{"name":"(anonymous_3)","decl":{"start":{"line":58,"column":1},"end":{"line":58,"column":2}},"loc":{"start":{"line":58,"column":15},"end":{"line":60,"column":2}},"line":58},"4":{"name":"(anonymous_4)","decl":{"start":{"line":59,"column":31},"end":{"line":59,"column":32}},"loc":{"start":{"line":59,"column":41},"end":{"line":59,"column":63}},"line":59},"5":{"name":"(anonymous_5)","decl":{"start":{"line":67,"column":1},"end":{"line":67,"column":2}},"loc":{"start":{"line":67,"column":25},"end":{"line":72,"column":2}},"line":67},"6":{"name":"(anonymous_6)","decl":{"start":{"line":79,"column":1},"end":{"line":79,"column":2}},"loc":{"start":{"line":79,"column":23},"end":{"line":84,"column":2}},"line":79}},"branchMap":{"0":{"loc":{"start":{"line":21,"column":22},"end":{"line":24,"column":59}},"type":"binary-expr","locations":[{"start":{"line":21,"column":22},"end":{"line":21,"column":26}},{"start":{"line":22,"column":6},"end":{"line":22,"column":62}},{"start":{"line":23,"column":6},"end":{"line":23,"column":37}},{"start":{"line":24,"column":6},"end":{"line":24,"column":59}}],"line":21},"1":{"loc":{"start":{"line":26,"column":2},"end":{"line":34,"column":3}},"type":"if","locations":[{"start":{"line":26,"column":2},"end":{"line":34,"column":3}},{"start":{"line":26,"column":2},"end":{"line":34,"column":3}}],"line":26},"2":{"loc":{"start":{"line":45,"column":2},"end":{"line":47,"column":3}},"type":"if","locations":[{"start":{"line":45,"column":2},"end":{"line":47,"column":3}},{"start":{"line":45,"column":2},"end":{"line":47,"column":3}}],"line":45}},"s":{"0":2,"1":2,"2":2,"3":2,"4":0,"5":0,"6":0,"7":0,"8":0,"9":0,"10":0,"11":0,"12":0,"13":0,"14":0,"15":0,"16":0,"17":0,"18":0,"19":0,"20":0,"21":0,"22":0,"23":0,"24":0,"25":2},"f":{"0":2,"1":0,"2":0,"3":0,"4":0,"5":0,"6":0},"b":{"0":[0,0,0,0],"1":[0,0],"2":[0,0]},"_coverageSchema":"332fd63041d2c1bcb487cc26dd0d5f7d97098a6c","hash":"da1b01faef625ba2932d3f2e61f2576fc528b443"}
,"/Users/glebvorontsov/Documents/EDU/Yandex/Lessons/node-school-wallet-app/source/models/transactions.js": {"path":"/Users/glebvorontsov/Documents/EDU/Yandex/Lessons/node-school-wallet-app/source/models/transactions.js","statementMap":{"0":{"start":{"line":3,"column":25},"end":{"line":3,"column":58}},"1":{"start":{"line":5,"column":18},"end":{"line":5,"column":47}},"2":{"start":{"line":9,"column":2},"end":{"line":9,"column":29}},"3":{"start":{"line":19,"column":25},"end":{"line":21,"column":4}},"4":{"start":{"line":22,"column":2},"end":{"line":22,"column":40}},"5":{"start":{"line":23,"column":2},"end":{"line":23,"column":28}},"6":{"start":{"line":24,"column":2},"end":{"line":24,"column":24}},"7":{"start":{"line":33,"column":2},"end":{"line":33,"column":81}},"8":{"start":{"line":33,"column":50},"end":{"line":33,"column":79}},"9":{"start":{"line":40,"column":2},"end":{"line":40,"column":67}},"10":{"start":{"line":44,"column":0},"end":{"line":44,"column":30}}},"fnMap":{"0":{"name":"(anonymous_0)","decl":{"start":{"line":8,"column":1},"end":{"line":8,"column":2}},"loc":{"start":{"line":8,"column":15},"end":{"line":10,"column":2}},"line":8},"1":{"name":"(anonymous_1)","decl":{"start":{"line":18,"column":1},"end":{"line":18,"column":2}},"loc":{"start":{"line":18,"column":27},"end":{"line":25,"column":2}},"line":18},"2":{"name":"(anonymous_2)","decl":{"start":{"line":32,"column":1},"end":{"line":32,"column":2}},"loc":{"start":{"line":32,"column":25},"end":{"line":34,"column":2}},"line":32},"3":{"name":"(anonymous_3)","decl":{"start":{"line":33,"column":33},"end":{"line":33,"column":34}},"loc":{"start":{"line":33,"column":50},"end":{"line":33,"column":79}},"line":33},"4":{"name":"(anonymous_4)","decl":{"start":{"line":39,"column":1},"end":{"line":39,"column":2}},"loc":{"start":{"line":39,"column":23},"end":{"line":41,"column":2}},"line":39}},"branchMap":{},"s":{"0":1,"1":1,"2":1,"3":0,"4":0,"5":0,"6":0,"7":0,"8":0,"9":0,"10":1},"f":{"0":1,"1":0,"2":0,"3":0,"4":0},"b":{},"_coverageSchema":"332fd63041d2c1bcb487cc26dd0d5f7d97098a6c","hash":"9b744c5d7261be2b1ca8fed94e8dd5282248a9b8"}
,"/Users/glebvorontsov/Documents/EDU/Yandex/Lessons/node-school-wallet-app/source/models/common/fileModel.js": {"path":"/Users/glebvorontsov/Documents/EDU/Yandex/Lessons/node-school-wallet-app/source/models/common/fileModel.js","statementMap":{"0":{"start":{"line":3,"column":11},"end":{"line":3,"column":24}},"1":{"start":{"line":4,"column":13},"end":{"line":4,"column":28}},"2":{"start":{"line":6,"column":15},"end":{"line":6,"column":51}},"3":{"start":{"line":7,"column":14},"end":{"line":7,"column":32}},"4":{"start":{"line":8,"column":25},"end":{"line":8,"column":58}},"5":{"start":{"line":12,"column":2},"end":{"line":12,"column":10}},"6":{"start":{"line":13,"column":2},"end":{"line":13,"column":82}},"7":{"start":{"line":14,"column":2},"end":{"line":14,"column":26}},"8":{"start":{"line":18,"column":2},"end":{"line":33,"column":3}},"9":{"start":{"line":19,"column":3},"end":{"line":32,"column":6}},"10":{"start":{"line":20,"column":4},"end":{"line":31,"column":7}},"11":{"start":{"line":21,"column":5},"end":{"line":23,"column":6}},"12":{"start":{"line":22,"column":6},"end":{"line":22,"column":25}},"13":{"start":{"line":25,"column":5},"end":{"line":30,"column":6}},"14":{"start":{"line":26,"column":6},"end":{"line":26,"column":42}},"15":{"start":{"line":27,"column":6},"end":{"line":27,"column":23}},"16":{"start":{"line":29,"column":6},"end":{"line":29,"column":27}},"17":{"start":{"line":34,"column":2},"end":{"line":34,"column":26}},"18":{"start":{"line":38,"column":2},"end":{"line":38,"column":25}},"19":{"start":{"line":42,"column":2},"end":{"line":42,"column":57}},"20":{"start":{"line":42,"column":41},"end":{"line":42,"column":55}},"21":{"start":{"line":51,"column":2},"end":{"line":51,"column":79}},"22":{"start":{"line":51,"column":48},"end":{"line":51,"column":70}},"23":{"start":{"line":59,"column":2},"end":{"line":69,"column":5}},"24":{"start":{"line":60,"column":3},"end":{"line":66,"column":6}},"25":{"start":{"line":61,"column":4},"end":{"line":64,"column":5}},"26":{"start":{"line":62,"column":5},"end":{"line":62,"column":67}},"27":{"start":{"line":63,"column":5},"end":{"line":63,"column":24}},"28":{"start":{"line":65,"column":4},"end":{"line":65,"column":21}},"29":{"start":{"line":68,"column":3},"end":{"line":68,"column":55}},"30":{"start":{"line":73,"column":0},"end":{"line":73,"column":27}}},"fnMap":{"0":{"name":"(anonymous_0)","decl":{"start":{"line":11,"column":1},"end":{"line":11,"column":2}},"loc":{"start":{"line":11,"column":29},"end":{"line":15,"column":2}},"line":11},"1":{"name":"(anonymous_1)","decl":{"start":{"line":17,"column":1},"end":{"line":17,"column":2}},"loc":{"start":{"line":17,"column":18},"end":{"line":35,"column":2}},"line":17},"2":{"name":"(anonymous_2)","decl":{"start":{"line":19,"column":21},"end":{"line":19,"column":22}},"loc":{"start":{"line":19,"column":42},"end":{"line":32,"column":4}},"line":19},"3":{"name":"(anonymous_3)","decl":{"start":{"line":20,"column":38},"end":{"line":20,"column":39}},"loc":{"start":{"line":20,"column":53},"end":{"line":31,"column":5}},"line":20},"4":{"name":"(anonymous_4)","decl":{"start":{"line":37,"column":1},"end":{"line":37,"column":2}},"loc":{"start":{"line":37,"column":16},"end":{"line":39,"column":2}},"line":37},"5":{"name":"(anonymous_5)","decl":{"start":{"line":41,"column":1},"end":{"line":41,"column":2}},"loc":{"start":{"line":41,"column":15},"end":{"line":43,"column":2}},"line":41},"6":{"name":"(anonymous_6)","decl":{"start":{"line":42,"column":31},"end":{"line":42,"column":32}},"loc":{"start":{"line":42,"column":41},"end":{"line":42,"column":55}},"line":42},"7":{"name":"(anonymous_7)","decl":{"start":{"line":50,"column":1},"end":{"line":50,"column":2}},"loc":{"start":{"line":50,"column":15},"end":{"line":52,"column":2}},"line":50},"8":{"name":"(anonymous_8)","decl":{"start":{"line":51,"column":33},"end":{"line":51,"column":34}},"loc":{"start":{"line":51,"column":48},"end":{"line":51,"column":70}},"line":51},"9":{"name":"(anonymous_9)","decl":{"start":{"line":58,"column":1},"end":{"line":58,"column":2}},"loc":{"start":{"line":58,"column":22},"end":{"line":70,"column":2}},"line":58},"10":{"name":"(anonymous_10)","decl":{"start":{"line":59,"column":21},"end":{"line":59,"column":22}},"loc":{"start":{"line":59,"column":42},"end":{"line":67,"column":3}},"line":59},"11":{"name":"(anonymous_11)","decl":{"start":{"line":60,"column":81},"end":{"line":60,"column":82}},"loc":{"start":{"line":60,"column":90},"end":{"line":66,"column":4}},"line":60},"12":{"name":"(anonymous_12)","decl":{"start":{"line":67,"column":11},"end":{"line":67,"column":12}},"loc":{"start":{"line":67,"column":17},"end":{"line":69,"column":3}},"line":67}},"branchMap":{"0":{"loc":{"start":{"line":18,"column":2},"end":{"line":33,"column":3}},"type":"if","locations":[{"start":{"line":18,"column":2},"end":{"line":33,"column":3}},{"start":{"line":18,"column":2},"end":{"line":33,"column":3}}],"line":18},"1":{"loc":{"start":{"line":21,"column":5},"end":{"line":23,"column":6}},"type":"if","locations":[{"start":{"line":21,"column":5},"end":{"line":23,"column":6}},{"start":{"line":21,"column":5},"end":{"line":23,"column":6}}],"line":21},"2":{"loc":{"start":{"line":61,"column":4},"end":{"line":64,"column":5}},"type":"if","locations":[{"start":{"line":61,"column":4},"end":{"line":64,"column":5}},{"start":{"line":61,"column":4},"end":{"line":64,"column":5}}],"line":61}},"s":{"0":2,"1":2,"2":2,"3":2,"4":2,"5":3,"6":3,"7":3,"8":4,"9":3,"10":3,"11":3,"12":0,"13":3,"14":3,"15":3,"16":0,"17":4,"18":2,"19":0,"20":0,"21":0,"22":0,"23":0,"24":0,"25":0,"26":0,"27":0,"28":0,"29":0,"30":2},"f":{"0":3,"1":4,"2":3,"3":3,"4":2,"5":0,"6":0,"7":0,"8":0,"9":0,"10":0,"11":0,"12":0},"b":{"0":[3,1],"1":[0,3],"2":[0,0]},"_coverageSchema":"332fd63041d2c1bcb487cc26dd0d5f7d97098a6c","hash":"a8d1846aff9f0844b095ba63effc6976c92f5db3"}
,"/Users/glebvorontsov/Documents/EDU/Yandex/Lessons/node-school-wallet-app/source/models/common/model.js": {"path":"/Users/glebvorontsov/Documents/EDU/Yandex/Lessons/node-school-wallet-app/source/models/common/model.js","statementMap":{"0":{"start":{"line":31,"column":0},"end":{"line":31,"column":23}}},"fnMap":{"0":{"name":"(anonymous_0)","decl":{"start":{"line":8,"column":1},"end":{"line":8,"column":2}},"loc":{"start":{"line":8,"column":23},"end":{"line":8,"column":25}},"line":8},"1":{"name":"(anonymous_1)","decl":{"start":{"line":15,"column":1},"end":{"line":15,"column":2}},"loc":{"start":{"line":15,"column":22},"end":{"line":15,"column":24}},"line":15},"2":{"name":"(anonymous_2)","decl":{"start":{"line":21,"column":1},"end":{"line":21,"column":2}},"loc":{"start":{"line":21,"column":23},"end":{"line":21,"column":25}},"line":21},"3":{"name":"(anonymous_3)","decl":{"start":{"line":28,"column":1},"end":{"line":28,"column":2}},"loc":{"start":{"line":28,"column":25},"end":{"line":28,"column":27}},"line":28}},"branchMap":{},"s":{"0":2},"f":{"0":0,"1":0,"2":0,"3":0},"b":{},"_coverageSchema":"332fd63041d2c1bcb487cc26dd0d5f7d97098a6c","hash":"6676194852751900e43c8427e50f4ca2bed7fa20"}
}
