TN:
SF:/Users/glebvorontsov/Documents/EDU/Yandex/Lessons/node-school-wallet-app/libs/application-error.js
FN:4,(anonymous_0)
FN:13,(anonymous_1)
FNF:2
FNH:0
FNDA:0,(anonymous_0)
FNDA:0,(anonymous_1)
DA:5,0
DA:6,0
DA:14,0
DA:18,2
LF:4
LH:1
BRDA:4,0,0,0
BRF:1
BRH:0
end_of_record
TN:
SF:/Users/glebvorontsov/Documents/EDU/Yandex/Lessons/node-school-wallet-app/libs/logger.js
FN:26,(anonymous_0)
FNF:1
FNH:1
FNDA:3,(anonymous_0)
DA:3,2
DA:4,2
DA:6,2
DA:7,2
DA:24,2
DA:26,3
LF:6
LH:6
BRDA:19,0,0,0
BRDA:19,0,1,2
BRF:2
BRH:1
end_of_record
TN:
SF:/Users/glebvorontsov/Documents/EDU/Yandex/Lessons/node-school-wallet-app/libs/utils.js
FN:99,(anonymous_0)
FNF:1
FNH:0
FNDA:0,(anonymous_0)
DA:3,2
DA:22,0
DA:24,0
DA:26,0
DA:28,0
DA:29,0
DA:32,0
DA:35,0
DA:38,0
DA:40,0
DA:41,0
DA:44,0
DA:47,0
DA:50,0
DA:63,0
DA:64,0
DA:65,0
DA:66,0
DA:67,0
DA:68,0
DA:69,0
DA:70,0
DA:74,0
DA:84,0
DA:85,0
DA:86,0
DA:87,0
DA:88,0
DA:89,0
DA:90,0
DA:92,0
DA:95,0
DA:96,0
DA:99,0
DA:100,0
DA:104,2
LF:36
LH:2
BRDA:26,0,0,0
BRDA:26,0,1,0
BRDA:26,0,2,0
BRDA:26,0,3,0
BRDA:26,0,4,0
BRDA:28,1,0,0
BRDA:28,1,1,0
BRDA:38,2,0,0
BRDA:38,2,1,0
BRDA:40,3,0,0
BRDA:40,3,1,0
BRDA:40,4,0,0
BRDA:40,4,1,0
BRDA:62,5,0,0
BRDA:65,6,0,0
BRDA:65,6,1,0
BRDA:66,7,0,0
BRDA:66,7,1,0
BRDA:69,8,0,0
BRDA:69,8,1,0
BRDA:87,9,0,0
BRDA:87,9,1,0
BRDA:89,10,0,0
BRDA:89,10,1,0
BRF:24
BRH:0
end_of_record
TN:
SF:/Users/glebvorontsov/Documents/EDU/Yandex/Lessons/node-school-wallet-app/source/app.js
FN:46,getView
FN:53,(anonymous_1)
FN:55,(anonymous_2)
FN:78,(anonymous_3)
FN:86,(anonymous_4)
FN:97,(anonymous_5)
FN:114,(anonymous_6)
FNF:7
FNH:4
FNDA:0,getView
FNDA:0,(anonymous_1)
FNDA:0,(anonymous_2)
FNDA:1,(anonymous_3)
FNDA:1,(anonymous_4)
FNDA:1,(anonymous_5)
FNDA:1,(anonymous_6)
DA:3,1
DA:4,1
DA:5,1
DA:6,1
DA:7,1
DA:9,1
DA:11,1
DA:14,1
DA:15,1
DA:16,1
DA:17,1
DA:18,1
DA:19,1
DA:22,1
DA:23,1
DA:24,1
DA:27,1
DA:29,1
DA:32,1
DA:33,1
DA:36,1
DA:39,1
DA:47,0
DA:48,0
DA:49,0
DA:53,1
DA:55,1
DA:56,0
DA:57,0
DA:59,0
DA:62,1
DA:63,1
DA:64,1
DA:66,1
DA:67,1
DA:69,1
DA:70,1
DA:71,1
DA:73,1
DA:75,1
DA:78,1
DA:79,1
DA:80,1
DA:81,1
DA:82,1
DA:86,1
DA:87,1
DA:88,1
DA:90,0
DA:91,0
DA:92,0
DA:97,1
DA:98,1
DA:99,1
DA:101,1
DA:106,1
DA:110,1
DA:111,1
DA:112,1
DA:114,1
DA:115,1
DA:118,1
LF:62
LH:53
BRDA:91,0,0,0
BRDA:91,0,1,0
BRF:2
BRH:0
end_of_record
TN:
SF:/Users/glebvorontsov/Documents/EDU/Yandex/Lessons/node-school-wallet-app/source/controllers/error.js
FN:3,(anonymous_0)
FNF:1
FNH:0
FNDA:0,(anonymous_0)
DA:3,1
DA:4,0
LF:2
LH:1
BRF:0
BRH:0
end_of_record
TN:
SF:/Users/glebvorontsov/Documents/EDU/Yandex/Lessons/node-school-wallet-app/source/controllers/cards/card-to-card.js
FN:3,(anonymous_0)
FNF:1
FNH:0
FNDA:0,(anonymous_0)
DA:3,1
DA:4,0
DA:6,0
DA:7,0
DA:9,0
DA:10,0
DA:12,0
DA:13,0
DA:15,0
DA:25,0
DA:26,0
LF:11
LH:1
BRF:0
BRH:0
end_of_record
TN:
SF:/Users/glebvorontsov/Documents/EDU/Yandex/Lessons/node-school-wallet-app/source/controllers/cards/card-to-mobile.js
FN:5,(anonymous_0)
FNF:1
FNH:0
FNDA:0,(anonymous_0)
DA:3,1
DA:5,1
DA:6,0
DA:8,0
DA:9,0
DA:11,0
DA:13,0
DA:21,0
DA:22,0
LF:9
LH:2
BRF:0
BRH:0
end_of_record
TN:
SF:/Users/glebvorontsov/Documents/EDU/Yandex/Lessons/node-school-wallet-app/source/controllers/cards/create.js
FN:3,(anonymous_0)
FNF:1
FNH:0
FNDA:0,(anonymous_0)
DA:3,1
DA:4,0
DA:5,0
DA:6,0
DA:7,0
LF:5
LH:1
BRF:0
BRH:0
end_of_record
TN:
SF:/Users/glebvorontsov/Documents/EDU/Yandex/Lessons/node-school-wallet-app/source/controllers/cards/delete.js
FN:3,(anonymous_0)
FNF:1
FNH:0
FNDA:0,(anonymous_0)
DA:3,1
DA:4,0
DA:5,0
DA:6,0
LF:4
LH:1
BRF:0
BRH:0
end_of_record
TN:
SF:/Users/glebvorontsov/Documents/EDU/Yandex/Lessons/node-school-wallet-app/source/controllers/cards/get-cards.js
FN:3,(anonymous_0)
FNF:1
FNH:1
FNDA:1,(anonymous_0)
DA:3,1
DA:4,1
LF:2
LH:2
BRF:0
BRH:0
end_of_record
TN:
SF:/Users/glebvorontsov/Documents/EDU/Yandex/Lessons/node-school-wallet-app/source/controllers/cards/mobile-to-card.js
FN:3,(anonymous_0)
FNF:1
FNH:0
FNDA:0,(anonymous_0)
DA:3,1
DA:4,0
DA:6,0
DA:7,0
DA:9,0
DA:11,0
DA:19,0
DA:20,0
LF:8
LH:1
BRF:0
BRH:0
end_of_record
TN:
SF:/Users/glebvorontsov/Documents/EDU/Yandex/Lessons/node-school-wallet-app/source/controllers/transactions/create.js
FN:10,(anonymous_0)
FN:20,(anonymous_1)
FNF:2
FNH:0
FNDA:0,(anonymous_0)
FNDA:0,(anonymous_1)
DA:3,1
DA:4,1
DA:6,1
DA:7,1
DA:8,1
DA:10,1
DA:11,0
DA:12,0
DA:14,0
DA:15,0
DA:16,0
DA:18,0
DA:20,0
DA:22,0
DA:23,0
DA:26,0
DA:27,0
DA:30,0
DA:31,0
DA:34,0
DA:35,0
DA:38,0
DA:39,0
DA:40,0
LF:24
LH:6
BRDA:15,0,0,0
BRDA:15,0,1,0
BRDA:22,1,0,0
BRDA:22,1,1,0
BRDA:26,2,0,0
BRDA:26,2,1,0
BRDA:30,3,0,0
BRDA:30,3,1,0
BRDA:30,4,0,0
BRDA:30,4,1,0
BRDA:34,5,0,0
BRDA:34,5,1,0
BRF:12
BRH:0
end_of_record
TN:
SF:/Users/glebvorontsov/Documents/EDU/Yandex/Lessons/node-school-wallet-app/source/controllers/transactions/get-transactions.js
FN:3,(anonymous_0)
FNF:1
FNH:0
FNDA:0,(anonymous_0)
DA:3,1
DA:4,0
LF:2
LH:1
BRF:0
BRH:0
end_of_record
TN:
SF:/Users/glebvorontsov/Documents/EDU/Yandex/Lessons/node-school-wallet-app/source/controllers/transactions/get.js
FN:3,(anonymous_0)
FNF:1
FNH:0
FNDA:0,(anonymous_0)
DA:3,1
DA:4,0
DA:5,0
LF:3
LH:1
BRF:0
BRH:0
end_of_record
TN:
SF:/Users/glebvorontsov/Documents/EDU/Yandex/Lessons/node-school-wallet-app/source/models/cards.js
FN:10,(anonymous_0)
FN:20,(anonymous_1)
FN:43,(anonymous_2)
FN:58,(anonymous_3)
FN:59,(anonymous_4)
FN:67,(anonymous_5)
FN:79,(anonymous_6)
FNF:7
FNH:1
FNDA:2,(anonymous_0)
FNDA:0,(anonymous_1)
FNDA:0,(anonymous_2)
FNDA:0,(anonymous_3)
FNDA:0,(anonymous_4)
FNDA:0,(anonymous_5)
FNDA:0,(anonymous_6)
DA:3,2
DA:5,2
DA:7,2
DA:11,2
DA:21,0
DA:26,0
DA:27,0
DA:31,0
DA:32,0
DA:33,0
DA:36,0
DA:44,0
DA:45,0
DA:46,0
DA:48,0
DA:49,0
DA:50,0
DA:59,0
DA:68,0
DA:69,0
DA:71,0
DA:80,0
DA:81,0
DA:83,0
DA:87,2
LF:25
LH:5
BRDA:21,0,0,0
BRDA:21,0,1,0
BRDA:21,0,2,0
BRDA:21,0,3,0
BRDA:26,1,0,0
BRDA:26,1,1,0
BRDA:45,2,0,0
BRDA:45,2,1,0
BRF:8
BRH:0
end_of_record
TN:
SF:/Users/glebvorontsov/Documents/EDU/Yandex/Lessons/node-school-wallet-app/source/models/transactions.js
FN:8,(anonymous_0)
FN:18,(anonymous_1)
FN:32,(anonymous_2)
FN:33,(anonymous_3)
FN:39,(anonymous_4)
FNF:5
FNH:1
FNDA:1,(anonymous_0)
FNDA:0,(anonymous_1)
FNDA:0,(anonymous_2)
FNDA:0,(anonymous_3)
FNDA:0,(anonymous_4)
DA:3,1
DA:5,1
DA:9,1
DA:19,0
DA:22,0
DA:23,0
DA:24,0
DA:33,0
DA:40,0
DA:44,1
LF:10
LH:4
BRF:0
BRH:0
end_of_record
TN:
SF:/Users/glebvorontsov/Documents/EDU/Yandex/Lessons/node-school-wallet-app/source/models/common/fileModel.js
FN:11,(anonymous_0)
FN:17,(anonymous_1)
FN:19,(anonymous_2)
FN:20,(anonymous_3)
FN:37,(anonymous_4)
FN:41,(anonymous_5)
FN:42,(anonymous_6)
FN:50,(anonymous_7)
FN:51,(anonymous_8)
FN:58,(anonymous_9)
FN:59,(anonymous_10)
FN:60,(anonymous_11)
FN:67,(anonymous_12)
FNF:13
FNH:5
FNDA:3,(anonymous_0)
FNDA:4,(anonymous_1)
FNDA:3,(anonymous_2)
FNDA:3,(anonymous_3)
FNDA:2,(anonymous_4)
FNDA:0,(anonymous_5)
FNDA:0,(anonymous_6)
FNDA:0,(anonymous_7)
FNDA:0,(anonymous_8)
FNDA:0,(anonymous_9)
FNDA:0,(anonymous_10)
FNDA:0,(anonymous_11)
FNDA:0,(anonymous_12)
DA:3,2
DA:4,2
DA:6,2
DA:7,2
DA:8,2
DA:12,3
DA:13,3
DA:14,3
DA:18,4
DA:19,3
DA:20,3
DA:21,3
DA:22,0
DA:25,3
DA:26,3
DA:27,3
DA:29,0
DA:34,4
DA:38,2
DA:42,0
DA:51,0
DA:59,0
DA:60,0
DA:61,0
DA:62,0
DA:63,0
DA:65,0
DA:68,0
DA:73,2
LF:29
LH:18
BRDA:18,0,0,3
BRDA:18,0,1,1
BRDA:21,1,0,0
BRDA:21,1,1,3
BRDA:61,2,0,0
BRDA:61,2,1,0
BRF:6
BRH:3
end_of_record
TN:
SF:/Users/glebvorontsov/Documents/EDU/Yandex/Lessons/node-school-wallet-app/source/models/common/model.js
FN:8,(anonymous_0)
FN:15,(anonymous_1)
FN:21,(anonymous_2)
FN:28,(anonymous_3)
FNF:4
FNH:0
FNDA:0,(anonymous_0)
FNDA:0,(anonymous_1)
FNDA:0,(anonymous_2)
FNDA:0,(anonymous_3)
DA:31,2
LF:1
LH:1
BRF:0
BRH:0
end_of_record
